[debug] [2021-09-07T14:07:34.240Z] ----------------------------------------------------------------------
[debug] [2021-09-07T14:07:34.242Z] Command:       C:\Program Files\nodejs\node.exe C:\Users\galar\AppData\Roaming\npm\node_modules\firebase-tools\lib\bin\firebase.js emulators:start --import ../../backups/aitec-ecommerce/backup
[debug] [2021-09-07T14:07:34.242Z] CLI Version:   9.16.6
[debug] [2021-09-07T14:07:34.243Z] Platform:      win32
[debug] [2021-09-07T14:07:34.243Z] Node Version:  v12.16.3
[debug] [2021-09-07T14:07:34.244Z] Time:          Tue Sep 07 2021 09:07:34 GMT-0500 (GMT-05:00)
[debug] [2021-09-07T14:07:34.244Z] ----------------------------------------------------------------------
[debug] 
[debug] [2021-09-07T14:07:34.292Z] Field ".hosting" in "firebase.json" is possibly invalid: should be object
[debug] [2021-09-07T14:07:34.292Z] Object ".hosting[0]" in "firebase.json" is missing required property: {"missingProperty":"target"}
[debug] [2021-09-07T14:07:34.292Z] Object ".hosting[0]" in "firebase.json" is missing required property: {"missingProperty":"site"}
[debug] [2021-09-07T14:07:34.292Z] Field ".hosting[0]" in "firebase.json" is possibly invalid: should match some schema in anyOf
[debug] [2021-09-07T14:07:34.293Z] Field ".hosting" in "firebase.json" is possibly invalid: should match some schema in anyOf
[debug] [2021-09-07T14:07:34.296Z] > command requires scopes: ["email","openid","https://www.googleapis.com/auth/cloudplatformprojects.readonly","https://www.googleapis.com/auth/firebase","https://www.googleapis.com/auth/cloud-platform"]
[debug] [2021-09-07T14:07:34.296Z] > authorizing via signed-in user (galarcon@meraki-s.com)
[info] i  emulators: Starting emulators: auth, functions, firestore, hosting {"metadata":{"emulator":{"name":"hub"},"message":"Starting emulators: auth, functions, firestore, hosting"}}
[debug] [2021-09-07T14:07:36.354Z] [hub] writing locator at C:\Users\galar\AppData\Local\Temp\hub-aitec-ecommerce.json
[info] i  firestore: Detected non-emulator Firestore export at C:\Users\galar\Documents\Meraki\backups\aitec-ecommerce\backup {"metadata":{"emulator":{"name":"firestore"},"message":"Detected non-emulator Firestore export at C:\\Users\\galar\\Documents\\Meraki\\backups\\aitec-ecommerce\\backup"}}
[warn] !  functions: The following emulators are not running, calls to these services from the Functions emulator will affect production: database, pubsub, storage {"metadata":{"emulator":{"name":"functions"},"message":"The following emulators are not running, calls to these services from the Functions emulator will affect production: \u001b[1mdatabase, pubsub, storage\u001b[22m"}}
[info] +  functions: Using node@12 from host. {"metadata":{"emulator":{"name":"functions"},"message":"Using node@12 from host."}}
[debug] [2021-09-07T14:07:38.476Z] defaultcredentials: writing to file C:\Users\galar\AppData\Roaming\firebase\galarcon_meraki-s_com_application_default_credentials.json
[debug] [2021-09-07T14:07:38.478Z] Setting GAC to C:\Users\galar\AppData\Roaming\firebase\galarcon_meraki-s_com_application_default_credentials.json {"metadata":{"emulator":{"name":"functions"},"message":"Setting GAC to C:\\Users\\galar\\AppData\\Roaming\\firebase\\galarcon_meraki-s_com_application_default_credentials.json"}}
[debug] [2021-09-07T14:07:38.481Z] >>> [apiv2][query] GET https://firebase.googleapis.com/v1beta1/projects/aitec-ecommerce/adminSdkConfig [none]
[debug] [2021-09-07T14:07:38.974Z] <<< [apiv2][status] GET https://firebase.googleapis.com/v1beta1/projects/aitec-ecommerce/adminSdkConfig 200
[debug] [2021-09-07T14:07:38.974Z] <<< [apiv2][body] GET https://firebase.googleapis.com/v1beta1/projects/aitec-ecommerce/adminSdkConfig {"projectId":"aitec-ecommerce","databaseURL":"https://aitec-ecommerce.firebaseio.com","storageBucket":"aitec-ecommerce.appspot.com","locationId":"us-central"}
[info] i  firestore: Importing data from C:\Users\galar\Documents\Meraki\backups\aitec-ecommerce\backup\backup.overall_export_metadata {"metadata":{"emulator":{"name":"firestore"},"message":"Importing data from C:\\Users\\galar\\Documents\\Meraki\\backups\\aitec-ecommerce\\backup\\backup.overall_export_metadata"}}
[debug] [2021-09-07T14:07:41.026Z] Ignoring unsupported arg: projectId {"metadata":{"emulator":{"name":"firestore"},"message":"Ignoring unsupported arg: projectId"}}
[debug] [2021-09-07T14:07:41.026Z] Ignoring unsupported arg: auto_download {"metadata":{"emulator":{"name":"firestore"},"message":"Ignoring unsupported arg: auto_download"}}
[debug] [2021-09-07T14:07:41.026Z] Starting Firestore Emulator with command {"binary":"java","args":["-Dgoogle.cloud_firestore.debug_log_level=FINE","-Duser.language=en","-jar","C:\\Users\\galar\\.cache\\firebase\\emulators\\cloud-firestore-emulator-v1.13.1.jar","--host","localhost","--port",8080,"--seed_from_export","C:\\Users\\galar\\Documents\\Meraki\\backups\\aitec-ecommerce\\backup\\backup.overall_export_metadata","--rules","C:\\Users\\galar\\Documents\\Meraki\\Proyectos\\aitec\\firestore.rules","--functions_emulator","localhost:5001"],"optionalArgs":["port","webchannel_port","host","rules","functions_emulator","seed_from_export"],"joinArgs":false} {"metadata":{"emulator":{"name":"firestore"},"message":"Starting Firestore Emulator with command {\"binary\":\"java\",\"args\":[\"-Dgoogle.cloud_firestore.debug_log_level=FINE\",\"-Duser.language=en\",\"-jar\",\"C:\\\\Users\\\\galar\\\\.cache\\\\firebase\\\\emulators\\\\cloud-firestore-emulator-v1.13.1.jar\",\"--host\",\"localhost\",\"--port\",8080,\"--seed_from_export\",\"C:\\\\Users\\\\galar\\\\Documents\\\\Meraki\\\\backups\\\\aitec-ecommerce\\\\backup\\\\backup.overall_export_metadata\",\"--rules\",\"C:\\\\Users\\\\galar\\\\Documents\\\\Meraki\\\\Proyectos\\\\aitec\\\\firestore.rules\",\"--functions_emulator\",\"localhost:5001\"],\"optionalArgs\":[\"port\",\"webchannel_port\",\"host\",\"rules\",\"functions_emulator\",\"seed_from_export\"],\"joinArgs\":false}"}}
[info] i  firestore: Firestore Emulator logging to firestore-debug.log {"metadata":{"emulator":{"name":"firestore"},"message":"Firestore Emulator logging to \u001b[1mfirestore-debug.log\u001b[22m"}}
[debug] [2021-09-07T14:07:49.595Z] >>> [apiv2][query] GET https://firebasehosting.googleapis.com/v1beta1/projects/aitec-ecommerce/sites 
[debug] [2021-09-07T14:07:50.063Z] <<< [apiv2][status] GET https://firebasehosting.googleapis.com/v1beta1/projects/aitec-ecommerce/sites 200
[debug] [2021-09-07T14:07:50.063Z] <<< [apiv2][body] GET https://firebasehosting.googleapis.com/v1beta1/projects/aitec-ecommerce/sites {"sites":[{"name":"projects/483311992725/sites/aitec-ecommerce","defaultUrl":"https://aitec-ecommerce.web.app","type":"DEFAULT_SITE"}]}
[debug] [2021-09-07T14:07:50.063Z] >>> [apiv2][query] GET https://firebase.googleapis.com/v1beta1/projects/aitec-ecommerce/webApps/-/config [none]
[debug] [2021-09-07T14:07:50.767Z] <<< [apiv2][status] GET https://firebase.googleapis.com/v1beta1/projects/aitec-ecommerce/webApps/-/config 200
[debug] [2021-09-07T14:07:50.767Z] <<< [apiv2][body] GET https://firebase.googleapis.com/v1beta1/projects/aitec-ecommerce/webApps/-/config {"projectId":"aitec-ecommerce","appId":"1:483311992725:web:ddde8def4bac5bffeec09c","databaseURL":"https://aitec-ecommerce.firebaseio.com","storageBucket":"aitec-ecommerce.appspot.com","locationId":"us-central","apiKey":"AIzaSyDpMDx2102pwLjeGh19_Gms5f6MvClWxr0","authDomain":"aitec-ecommerce.firebaseapp.com","messagingSenderId":"483311992725","measurementId":"G-X01L1PW7LZ"}
[info] i  hosting: Serving hosting files from: dist/aitec/browser {"metadata":{"emulator":{"name":"hosting"},"message":"Serving hosting files from: \u001b[1mdist/aitec/browser\u001b[22m"}}
[info] +  hosting: Local server: http://localhost:5000 {"metadata":{"emulator":{"name":"hosting"},"message":"Local server: \u001b[4m\u001b[1mhttp://localhost:5000\u001b[22m\u001b[24m"}}
[info] i  hosting[aitec]: Serving hosting files from: dist/aitec/browser {"metadata":{"emulator":{"name":"hosting"},"message":"Serving hosting files from: \u001b[1mdist/aitec/browser\u001b[22m"}}
[info] +  hosting[aitec]: Local server: http://localhost:5005 {"metadata":{"emulator":{"name":"hosting"},"message":"Local server: \u001b[4m\u001b[1mhttp://localhost:5005\u001b[22m\u001b[24m"}}
[debug] [2021-09-07T14:07:54.880Z] Ignoring unsupported arg: auto_download {"metadata":{"emulator":{"name":"ui"},"message":"Ignoring unsupported arg: auto_download"}}
[debug] [2021-09-07T14:07:54.881Z] Ignoring unsupported arg: port {"metadata":{"emulator":{"name":"ui"},"message":"Ignoring unsupported arg: port"}}
[debug] [2021-09-07T14:07:54.881Z] Starting Emulator UI with command {"binary":"node","args":["C:\\Users\\galar\\.cache\\firebase\\emulators\\ui-v1.6.2\\server.bundle.js"],"optionalArgs":[],"joinArgs":false} {"metadata":{"emulator":{"name":"ui"},"message":"Starting Emulator UI with command {\"binary\":\"node\",\"args\":[\"C:\\\\Users\\\\galar\\\\.cache\\\\firebase\\\\emulators\\\\ui-v1.6.2\\\\server.bundle.js\"],\"optionalArgs\":[],\"joinArgs\":false}"}}
[info] i  ui: Emulator UI logging to ui-debug.log {"metadata":{"emulator":{"name":"ui"},"message":"Emulator UI logging to \u001b[1mui-debug.log\u001b[22m"}}
[debug] [2021-09-07T14:07:54.987Z] Web / API server started at localhost:4000
 {"metadata":{"emulator":{"name":"ui"},"message":"Web / API server started at localhost:4000\n"}}
[info] i  functions: Watching "C:\Users\galar\Documents\Meraki\Proyectos\aitec\functions" for Cloud Functions... {"metadata":{"emulator":{"name":"functions"},"message":"Watching \"C:\\Users\\galar\\Documents\\Meraki\\Proyectos\\aitec\\functions\" for Cloud Functions..."}}
[debug] [2021-09-07T14:07:55.399Z] [worker-pool] addWorker(~diagnostic~) {"metadata":{"emulator":{"name":"functions"},"message":"[worker-pool] addWorker(~diagnostic~)"}}
[debug] [2021-09-07T14:07:55.399Z] [worker-pool] Adding worker with key ~diagnostic~, total=1 {"metadata":{"emulator":{"name":"functions"},"message":"[worker-pool] Adding worker with key ~diagnostic~, total=1"}}
[debug] [2021-09-07T14:07:55.400Z] [worker-pool] submitWork(triggerId=) {"metadata":{"emulator":{"name":"functions"},"message":"[worker-pool] submitWork(triggerId=)"}}
[debug] [2021-09-07T14:07:55.400Z] [worker-~diagnostic~-71bbb233-391d-4c44-9924-03a989df8894]: Assigning socketPath: \\?\pipe\C:\Users\galar\Documents\Meraki\Proyectos\aitec\functions\24008 {"metadata":{"emulator":{"name":"functions"},"message":"[worker-~diagnostic~-71bbb233-391d-4c44-9924-03a989df8894]: Assigning socketPath: \\\\?\\pipe\\C:\\Users\\galar\\Documents\\Meraki\\Proyectos\\aitec\\functions\\24008"}}
[debug] [2021-09-07T14:07:55.400Z] [worker-~diagnostic~-71bbb233-391d-4c44-9924-03a989df8894]: BUSY {"metadata":{"emulator":{"name":"functions"},"message":"[worker-~diagnostic~-71bbb233-391d-4c44-9924-03a989df8894]: BUSY"}}
[debug] [2021-09-07T14:07:55.753Z] [runtime-status] [24008] Functions runtime initialized. {"cwd":"C:\\Users\\galar\\Documents\\Meraki\\Proyectos\\aitec\\functions","node_version":"12.16.3"} {"metadata":{"emulator":{"name":"functions"},"message":"[runtime-status] [24008] Functions runtime initialized. {\"cwd\":\"C:\\\\Users\\\\galar\\\\Documents\\\\Meraki\\\\Proyectos\\\\aitec\\\\functions\",\"node_version\":\"12.16.3\"}"}}
[debug] [2021-09-07T14:07:55.753Z] [runtime-status] [24008] Disabled runtime features: undefined {"metadata":{"emulator":{"name":"functions"},"message":"[runtime-status] [24008] Disabled runtime features: undefined"}}
[debug] [2021-09-07T14:07:55.758Z] [runtime-status] [24008] Resolved module firebase-admin {"declared":true,"installed":true,"version":"9.11.1","resolution":"C:\\Users\\galar\\Documents\\Meraki\\Proyectos\\aitec\\functions\\node_modules\\firebase-admin\\lib\\index.js"} {"metadata":{"emulator":{"name":"functions"},"message":"[runtime-status] [24008] Resolved module firebase-admin {\"declared\":true,\"installed\":true,\"version\":\"9.11.1\",\"resolution\":\"C:\\\\Users\\\\galar\\\\Documents\\\\Meraki\\\\Proyectos\\\\aitec\\\\functions\\\\node_modules\\\\firebase-admin\\\\lib\\\\index.js\"}"}}
[debug] [2021-09-07T14:07:55.760Z] [runtime-status] [24008] Resolved module firebase-functions {"declared":true,"installed":true,"version":"3.11.0","resolution":"C:\\Users\\galar\\Documents\\Meraki\\Proyectos\\aitec\\functions\\node_modules\\firebase-functions\\lib\\index.js"} {"metadata":{"emulator":{"name":"functions"},"message":"[runtime-status] [24008] Resolved module firebase-functions {\"declared\":true,\"installed\":true,\"version\":\"3.11.0\",\"resolution\":\"C:\\\\Users\\\\galar\\\\Documents\\\\Meraki\\\\Proyectos\\\\aitec\\\\functions\\\\node_modules\\\\firebase-functions\\\\lib\\\\index.js\"}"}}
[debug] [2021-09-07T14:07:55.761Z] [runtime-status] [24008] Resolved module firebase-functions {"declared":true,"installed":true,"version":"3.11.0","resolution":"C:\\Users\\galar\\Documents\\Meraki\\Proyectos\\aitec\\functions\\node_modules\\firebase-functions\\lib\\index.js"} {"metadata":{"emulator":{"name":"functions"},"message":"[runtime-status] [24008] Resolved module firebase-functions {\"declared\":true,\"installed\":true,\"version\":\"3.11.0\",\"resolution\":\"C:\\\\Users\\\\galar\\\\Documents\\\\Meraki\\\\Proyectos\\\\aitec\\\\functions\\\\node_modules\\\\firebase-functions\\\\lib\\\\index.js\"}"}}
[debug] [2021-09-07T14:07:55.762Z] [runtime-status] [24008] Outgoing network have been stubbed. [{"name":"http","status":"mocked"},{"name":"http","status":"mocked"},{"name":"https","status":"mocked"},{"name":"https","status":"mocked"},{"name":"net","status":"mocked"}] {"metadata":{"emulator":{"name":"functions"},"message":"[runtime-status] [24008] Outgoing network have been stubbed. [{\"name\":\"http\",\"status\":\"mocked\"},{\"name\":\"http\",\"status\":\"mocked\"},{\"name\":\"https\",\"status\":\"mocked\"},{\"name\":\"https\",\"status\":\"mocked\"},{\"name\":\"net\",\"status\":\"mocked\"}]"}}
[debug] [2021-09-07T14:07:55.762Z] [runtime-status] [24008] Resolved module firebase-functions {"declared":true,"installed":true,"version":"3.11.0","resolution":"C:\\Users\\galar\\Documents\\Meraki\\Proyectos\\aitec\\functions\\node_modules\\firebase-functions\\lib\\index.js"} {"metadata":{"emulator":{"name":"functions"},"message":"[runtime-status] [24008] Resolved module firebase-functions {\"declared\":true,\"installed\":true,\"version\":\"3.11.0\",\"resolution\":\"C:\\\\Users\\\\galar\\\\Documents\\\\Meraki\\\\Proyectos\\\\aitec\\\\functions\\\\node_modules\\\\firebase-functions\\\\lib\\\\index.js\"}"}}
[debug] [2021-09-07T14:07:55.803Z] [runtime-status] [24008] Checked functions.config() {"config":{}} {"metadata":{"emulator":{"name":"functions"},"message":"[runtime-status] [24008] Checked functions.config() {\"config\":{}}"}}
[debug] [2021-09-07T14:07:55.803Z] [runtime-status] [24008] firebase-functions has been stubbed. {"functionsResolution":{"declared":true,"installed":true,"version":"3.11.0","resolution":"C:\\Users\\galar\\Documents\\Meraki\\Proyectos\\aitec\\functions\\node_modules\\firebase-functions\\lib\\index.js"}} {"metadata":{"emulator":{"name":"functions"},"message":"[runtime-status] [24008] firebase-functions has been stubbed. {\"functionsResolution\":{\"declared\":true,\"installed\":true,\"version\":\"3.11.0\",\"resolution\":\"C:\\\\Users\\\\galar\\\\Documents\\\\Meraki\\\\Proyectos\\\\aitec\\\\functions\\\\node_modules\\\\firebase-functions\\\\lib\\\\index.js\"}}"}}
[debug] [2021-09-07T14:07:55.803Z] [runtime-status] [24008] Resolved module firebase-functions {"declared":true,"installed":true,"version":"3.11.0","resolution":"C:\\Users\\galar\\Documents\\Meraki\\Proyectos\\aitec\\functions\\node_modules\\firebase-functions\\lib\\index.js"} {"metadata":{"emulator":{"name":"functions"},"message":"[runtime-status] [24008] Resolved module firebase-functions {\"declared\":true,\"installed\":true,\"version\":\"3.11.0\",\"resolution\":\"C:\\\\Users\\\\galar\\\\Documents\\\\Meraki\\\\Proyectos\\\\aitec\\\\functions\\\\node_modules\\\\firebase-functions\\\\lib\\\\index.js\"}"}}
[debug] [2021-09-07T14:07:55.804Z] [runtime-status] [24008] Resolved module firebase-admin {"declared":true,"installed":true,"version":"9.11.1","resolution":"C:\\Users\\galar\\Documents\\Meraki\\Proyectos\\aitec\\functions\\node_modules\\firebase-admin\\lib\\index.js"} {"metadata":{"emulator":{"name":"functions"},"message":"[runtime-status] [24008] Resolved module firebase-admin {\"declared\":true,\"installed\":true,\"version\":\"9.11.1\",\"resolution\":\"C:\\\\Users\\\\galar\\\\Documents\\\\Meraki\\\\Proyectos\\\\aitec\\\\functions\\\\node_modules\\\\firebase-admin\\\\lib\\\\index.js\"}"}}
[debug] [2021-09-07T14:07:55.805Z] [runtime-status] [24008] Resolved module firebase-functions {"declared":true,"installed":true,"version":"3.11.0","resolution":"C:\\Users\\galar\\Documents\\Meraki\\Proyectos\\aitec\\functions\\node_modules\\firebase-functions\\lib\\index.js"} {"metadata":{"emulator":{"name":"functions"},"message":"[runtime-status] [24008] Resolved module firebase-functions {\"declared\":true,\"installed\":true,\"version\":\"3.11.0\",\"resolution\":\"C:\\\\Users\\\\galar\\\\Documents\\\\Meraki\\\\Proyectos\\\\aitec\\\\functions\\\\node_modules\\\\firebase-functions\\\\lib\\\\index.js\"}"}}
[debug] [2021-09-07T14:07:55.805Z] [runtime-status] [24008] firebase-admin has been stubbed. {"adminResolution":{"declared":true,"installed":true,"version":"9.11.1","resolution":"C:\\Users\\galar\\Documents\\Meraki\\Proyectos\\aitec\\functions\\node_modules\\firebase-admin\\lib\\index.js"}} {"metadata":{"emulator":{"name":"functions"},"message":"[runtime-status] [24008] firebase-admin has been stubbed. {\"adminResolution\":{\"declared\":true,\"installed\":true,\"version\":\"9.11.1\",\"resolution\":\"C:\\\\Users\\\\galar\\\\Documents\\\\Meraki\\\\Proyectos\\\\aitec\\\\functions\\\\node_modules\\\\firebase-admin\\\\lib\\\\index.js\"}}"}}
[debug] [2021-09-07T14:07:55.818Z] [runtime-status] [24008] initializeApp(DEFAULT) {"storageBucket":"aitec-ecommerce.appspot.com","databaseURL":"https://aitec-ecommerce.firebaseio.com","projectId":"aitec-ecommerce"} {"metadata":{"emulator":{"name":"functions"},"message":"[runtime-status] [24008] initializeApp(DEFAULT) {\"storageBucket\":\"aitec-ecommerce.appspot.com\",\"databaseURL\":\"https://aitec-ecommerce.firebaseio.com\",\"projectId\":\"aitec-ecommerce\"}"}}
[debug] [2021-09-07T14:07:55.850Z] addFirestoreTrigger "{\"eventTrigger\":{\"resource\":\"projects/aitec-ecommerce/databases/(default)/documents/messages/{messageId}\",\"eventType\":\"providers/cloud.firestore/eventTypes/document.create\",\"service\":\"firestore.googleapis.com\"}}"
[debug] [2021-09-07T14:07:55.851Z] >>> HTTP REQUEST PUT http://localhost:8080/emulator/v1/projects/aitec-ecommerce/triggers/us-central1-notifyUser-0  
 {"eventTrigger":{"resource":"projects/aitec-ecommerce/databases/(default)/documents/messages/{messageId}","eventType":"providers/cloud.firestore/eventTypes/document.create","service":"firestore.googleapis.com"}}
[debug] [2021-09-07T14:07:55.852Z] [worker-~diagnostic~-71bbb233-391d-4c44-9924-03a989df8894]: IDLE {"metadata":{"emulator":{"name":"functions"},"message":"[worker-~diagnostic~-71bbb233-391d-4c44-9924-03a989df8894]: IDLE"}}
[debug] [2021-09-07T14:08:00.036Z] <<< HTTP RESPONSE 200 {"content-type":"application/json","content-length":"4"}
[info] +  functions[us-central1-notifyUser]: firestore function initialized. {"metadata":{"emulator":{"name":"functions"},"message":"\u001b[1mfirestore\u001b[22m function initialized."}}
[debug] [2021-09-07T14:08:00.037Z] addFirestoreTrigger "{\"eventTrigger\":{\"resource\":\"projects/aitec-ecommerce/databases/(default)/documents/db/aitec/reservedSales/{saleId}\",\"eventType\":\"providers/cloud.firestore/eventTypes/document.create\",\"service\":\"firestore.googleapis.com\"}}"
[debug] [2021-09-07T14:08:00.037Z] >>> HTTP REQUEST PUT http://localhost:8080/emulator/v1/projects/aitec-ecommerce/triggers/us-central1-registerPurchase-0  
 {"eventTrigger":{"resource":"projects/aitec-ecommerce/databases/(default)/documents/db/aitec/reservedSales/{saleId}","eventType":"providers/cloud.firestore/eventTypes/document.create","service":"firestore.googleapis.com"}}
[debug] [2021-09-07T14:08:00.050Z] <<< HTTP RESPONSE 200 {"content-type":"application/json","content-length":"4"}
[info] +  functions[us-central1-registerPurchase]: firestore function initialized. {"metadata":{"emulator":{"name":"functions"},"message":"\u001b[1mfirestore\u001b[22m function initialized."}}
[debug] [2021-09-07T14:08:00.051Z] addFirestoreTrigger "{\"eventTrigger\":{\"resource\":\"projects/aitec-ecommerce/databases/(default)/documents/db/aitec/reStockSales/{saleId}\",\"eventType\":\"providers/cloud.firestore/eventTypes/document.create\",\"service\":\"firestore.googleapis.com\"}}"
[debug] [2021-09-07T14:08:00.051Z] >>> HTTP REQUEST PUT http://localhost:8080/emulator/v1/projects/aitec-ecommerce/triggers/us-central1-reStockPurshase-0  
 {"eventTrigger":{"resource":"projects/aitec-ecommerce/databases/(default)/documents/db/aitec/reStockSales/{saleId}","eventType":"providers/cloud.firestore/eventTypes/document.create","service":"firestore.googleapis.com"}}
[debug] [2021-09-07T14:08:00.063Z] <<< HTTP RESPONSE 200 {"content-type":"application/json","content-length":"4"}
[info] +  functions[us-central1-reStockPurshase]: firestore function initialized. {"metadata":{"emulator":{"name":"functions"},"message":"\u001b[1mfirestore\u001b[22m function initialized."}}
[info] i  functions[us-central1-scheduleReStockPurshase]: function ignored because the pubsub emulator does not exist or is not running. {"metadata":{"emulator":{"name":"functions"},"message":"function ignored because the pubsub emulator does not exist or is not running."}}
[info] +  functions[us-central1-cardPaymentVads]: http function initialized (http://localhost:5001/aitec-ecommerce/us-central1/cardPaymentVads). {"metadata":{"emulator":{"name":"functions"},"message":"\u001b[1mhttp\u001b[22m function initialized (http://localhost:5001/aitec-ecommerce/us-central1/cardPaymentVads)."}}
[debug] [2021-09-07T14:08:00.065Z] addFirestoreTrigger "{\"eventTrigger\":{\"resource\":\"projects/aitec-ecommerce/databases/(default)/documents/db/aitec/reservedSales/{saleId}\",\"eventType\":\"providers/cloud.firestore/eventTypes/document.update\",\"service\":\"firestore.googleapis.com\"}}"
[debug] [2021-09-07T14:08:00.065Z] >>> HTTP REQUEST PUT http://localhost:8080/emulator/v1/projects/aitec-ecommerce/triggers/us-central1-reserveSaleChanged-0  
 {"eventTrigger":{"resource":"projects/aitec-ecommerce/databases/(default)/documents/db/aitec/reservedSales/{saleId}","eventType":"providers/cloud.firestore/eventTypes/document.update","service":"firestore.googleapis.com"}}
[debug] [2021-09-07T14:08:00.078Z] <<< HTTP RESPONSE 200 {"content-type":"application/json","content-length":"4"}
[info] +  functions[us-central1-reserveSaleChanged]: firestore function initialized. {"metadata":{"emulator":{"name":"functions"},"message":"\u001b[1mfirestore\u001b[22m function initialized."}}
[debug] [2021-09-07T14:08:00.079Z] addFirestoreTrigger "{\"eventTrigger\":{\"resource\":\"projects/aitec-ecommerce/databases/(default)/documents/db/aitec/cancelledSales/{saleId}\",\"eventType\":\"providers/cloud.firestore/eventTypes/document.create\",\"service\":\"firestore.googleapis.com\"}}"
[debug] [2021-09-07T14:08:00.079Z] >>> HTTP REQUEST PUT http://localhost:8080/emulator/v1/projects/aitec-ecommerce/triggers/us-central1-cancelledSale-0  
 {"eventTrigger":{"resource":"projects/aitec-ecommerce/databases/(default)/documents/db/aitec/cancelledSales/{saleId}","eventType":"providers/cloud.firestore/eventTypes/document.create","service":"firestore.googleapis.com"}}
[debug] [2021-09-07T14:08:00.093Z] <<< HTTP RESPONSE 200 {"content-type":"application/json","content-length":"4"}
[info] +  functions[us-central1-cancelledSale]: firestore function initialized. {"metadata":{"emulator":{"name":"functions"},"message":"\u001b[1mfirestore\u001b[22m function initialized."}}
[info] +  functions[us-central1-reqVadsForm]: http function initialized (http://localhost:5001/aitec-ecommerce/us-central1/reqVadsForm). {"metadata":{"emulator":{"name":"functions"},"message":"\u001b[1mhttp\u001b[22m function initialized (http://localhost:5001/aitec-ecommerce/us-central1/reqVadsForm)."}}
[debug] [2021-09-07T14:08:00.094Z] addFirestoreTrigger "{\"eventTrigger\":{\"resource\":\"projects/aitec-ecommerce/databases/(default)/documents/db/aitec/seriesPreprocessingRef/{seriesPreId}\",\"eventType\":\"providers/cloud.firestore/eventTypes/document.create\",\"service\":\"firestore.googleapis.com\"}}"
[debug] [2021-09-07T14:08:00.094Z] >>> HTTP REQUEST PUT http://localhost:8080/emulator/v1/projects/aitec-ecommerce/triggers/us-central1-updateSeries-0  
 {"eventTrigger":{"resource":"projects/aitec-ecommerce/databases/(default)/documents/db/aitec/seriesPreprocessingRef/{seriesPreId}","eventType":"providers/cloud.firestore/eventTypes/document.create","service":"firestore.googleapis.com"}}
[debug] [2021-09-07T14:08:00.108Z] <<< HTTP RESPONSE 200 {"content-type":"application/json","content-length":"4"}
[info] +  functions[us-central1-updateSeries]: firestore function initialized. {"metadata":{"emulator":{"name":"functions"},"message":"\u001b[1mfirestore\u001b[22m function initialized."}}
[debug] [2021-09-07T14:08:00.109Z] addFirestoreTrigger "{\"eventTrigger\":{\"resource\":\"projects/aitec-ecommerce/databases/(default)/documents/db/aitec/productsList/{productId}/kardex/{kardexId}\",\"eventType\":\"providers/cloud.firestore/eventTypes/document.create\",\"service\":\"firestore.googleapis.com\"}}"
[debug] [2021-09-07T14:08:00.109Z] >>> HTTP REQUEST PUT http://localhost:8080/emulator/v1/projects/aitec-ecommerce/triggers/us-central1-updateKardex-0  
 {"eventTrigger":{"resource":"projects/aitec-ecommerce/databases/(default)/documents/db/aitec/productsList/{productId}/kardex/{kardexId}","eventType":"providers/cloud.firestore/eventTypes/document.create","service":"firestore.googleapis.com"}}
[debug] [2021-09-07T14:08:00.124Z] <<< HTTP RESPONSE 200 {"content-type":"application/json","content-length":"4"}
[info] +  functions[us-central1-updateKardex]: firestore function initialized. {"metadata":{"emulator":{"name":"functions"},"message":"\u001b[1mfirestore\u001b[22m function initialized."}}
[debug] [2021-09-07T14:08:00.125Z] addFirestoreTrigger "{\"eventTrigger\":{\"resource\":\"projects/aitec-ecommerce/databases/(default)/documents/db/aitec/sales/{saleID}\",\"eventType\":\"providers/cloud.firestore/eventTypes/document.create\",\"service\":\"firestore.googleapis.com\"}}"
[debug] [2021-09-07T14:08:00.125Z] >>> HTTP REQUEST PUT http://localhost:8080/emulator/v1/projects/aitec-ecommerce/triggers/us-central1-saleConfirmationEmail-0  
 {"eventTrigger":{"resource":"projects/aitec-ecommerce/databases/(default)/documents/db/aitec/sales/{saleID}","eventType":"providers/cloud.firestore/eventTypes/document.create","service":"firestore.googleapis.com"}}
[debug] [2021-09-07T14:08:00.141Z] <<< HTTP RESPONSE 200 {"content-type":"application/json","content-length":"4"}
[info] +  functions[us-central1-saleConfirmationEmail]: firestore function initialized. {"metadata":{"emulator":{"name":"functions"},"message":"\u001b[1mfirestore\u001b[22m function initialized."}}
[info] 
┌─────────────────────────────────────────────────────────────┐
│ ✔  All emulators ready! It is now safe to connect your app. │
│ i  View Emulator UI at http://localhost:4000                │
└─────────────────────────────────────────────────────────────┘

┌────────────────┬────────────────┬─────────────────────────────────┐
│ Emulator       │ Host:Port      │ View in Emulator UI             │
├────────────────┼────────────────┼─────────────────────────────────┤
│ Authentication │ localhost:9099 │ http://localhost:4000/auth      │
├────────────────┼────────────────┼─────────────────────────────────┤
│ Functions      │ localhost:5001 │ http://localhost:4000/functions │
├────────────────┼────────────────┼─────────────────────────────────┤
│ Firestore      │ localhost:8080 │ http://localhost:4000/firestore │
├────────────────┼────────────────┼─────────────────────────────────┤
│ Hosting        │ localhost:5000 │ n/a                             │
└────────────────┴────────────────┴─────────────────────────────────┘
  Emulator Hub running at localhost:4400
  Other reserved ports: 4500

Issues? Report them at https://github.com/firebase/firebase-tools/issues and attach the *-debug.log files.
 
